flutter_local_notifications/intermediates/manifest_merge_blame_file/debug/manifest-merger-blame-debug-report.txt
1<?xml version="1.0" encoding="utf-8"?>
2<manifest xmlns:android="http://schemas.android.com/apk/res/android"
3    package="com.dexterous.flutterlocalnotifications" >
4
5    <uses-sdk android:minSdkVersion="16" />
6
7    <uses-permission android:name="android.permission.RECEIVE_BOOT_COMPLETED" />
7-->src\main\AndroidManifest.xml:3:5-80
7-->src\main\AndroidManifest.xml:3:22-78
8    <uses-permission android:name="android.permission.VIBRATE" />
8-->src\main\AndroidManifest.xml:4:5-66
8-->src\main\AndroidManifest.xml:4:22-63
9    <uses-permission android:name="android.permission.USE_FULL_SCREEN_INTENT" />
9-->src\main\AndroidManifest.xml:5:5-81
9-->src\main\AndroidManifest.xml:5:22-78
10    <uses-permission android:name="android.permission.SCHEDULE_EXACT_ALARM" />
10-->src\main\AndroidManifest.xml:6:5-79
10-->src\main\AndroidManifest.xml:6:22-76
11    <uses-permission android:name="android.permission.POST_NOTIFICATIONS" />
11-->src\main\AndroidManifest.xml:7:5-76
11-->src\main\AndroidManifest.xml:7:22-74
12
13    <application>
13-->src\main\AndroidManifest.xml:8:5-19:19
14        <receiver
14-->src\main\AndroidManifest.xml:9:9-125
15            android:name="com.dexterous.flutterlocalnotifications.ActionBroadcastReceiver"
15-->src\main\AndroidManifest.xml:9:44-122
16            android:exported="false" />
16-->src\main\AndroidManifest.xml:9:19-43
17        <receiver
17-->src\main\AndroidManifest.xml:10:9-131
18            android:name="com.dexterous.flutterlocalnotifications.ScheduledNotificationReceiver"
18-->src\main\AndroidManifest.xml:10:44-128
19            android:exported="false" />
19-->src\main\AndroidManifest.xml:10:19-43
20        <receiver
20-->src\main\AndroidManifest.xml:11:9-18:20
21            android:name="com.dexterous.flutterlocalnotifications.ScheduledNotificationBootReceiver"
21-->src\main\AndroidManifest.xml:11:44-132
22            android:exported="false" >
22-->src\main\AndroidManifest.xml:11:19-43
23            <intent-filter>
23-->src\main\AndroidManifest.xml:12:13-17:29
24                <action android:name="android.intent.action.BOOT_COMPLETED" />
24-->src\main\AndroidManifest.xml:13:17-78
24-->src\main\AndroidManifest.xml:13:25-76
25                <action android:name="android.intent.action.MY_PACKAGE_REPLACED" />
25-->src\main\AndroidManifest.xml:14:17-83
25-->src\main\AndroidManifest.xml:14:25-81
26                <action android:name="android.intent.action.QUICKBOOT_POWERON" />
26-->src\main\AndroidManifest.xml:15:17-82
26-->src\main\AndroidManifest.xml:15:25-79
27                <action android:name="com.htc.intent.action.QUICKBOOT_POWERON" />
27-->src\main\AndroidManifest.xml:16:17-81
27-->src\main\AndroidManifest.xml:16:25-79
28            </intent-filter>
29        </receiver>
30    </application>
31
32</manifest>